C51 COMPILER V9.00   MYDELAY                                                               02/29/2016 09:18:16 PAGE 1   


C51 COMPILER V9.00, COMPILATION OF MODULE MYDELAY
OBJECT MODULE PLACED IN mydelay.OBJ
COMPILER INVOKED BY: C:\Keil\C51\BIN\C51.EXE mydelay.c BROWSE DEBUG OBJECTEXTEND

line level    source

   1          #include <MYDELAY.H>
   2          void delay1ms()
   3          {
   4   1         unsigned char i, j;
   5   1              _nop_();
   6   1              _nop_();
   7   1              _nop_();
   8   1              i = 11;
   9   1              j = 190;
  10   1              do
  11   1              {
  12   2                      while (--j);
  13   2              } while (--i);   
  14   1       }
  15           /*****************************************************
  16          函数功能：延时若干毫秒
  17          入口参数：n
  18          ***************************************************/
  19           
  20           void delaynms(unsigned int ms)
  21          {
  22   1         unsigned int i;
  23   1              for(i=0;i<ms;i++)
  24   1                 delay1ms();
  25   1       }
  26          
  27          


MODULE INFORMATION:   STATIC OVERLAYABLE
   CODE SIZE        =     37    ----
   CONSTANT SIZE    =   ----    ----
   XDATA SIZE       =   ----    ----
   PDATA SIZE       =   ----    ----
   DATA SIZE        =   ----    ----
   IDATA SIZE       =   ----    ----
   BIT SIZE         =   ----    ----
END OF MODULE INFORMATION.


C51 COMPILATION COMPLETE.  0 WARNING(S),  0 ERROR(S)
